<?xml version="1.0" encoding="UTF-8"?>
<!-- Generated by org.testng.reporters.JUnitReportReporter -->
<testsuite hostname="RUPALNAR01" failures="0" tests="1" name="Ecommerce.tests.SubmitTestOrder" time="20.517" errors="0" timestamp="2025-03-23T15:08:08 IST" skipped="0">
  <testcase classname="Ecommerce.tests.SubmitTestOrder" name="SubmitOrder" time="20.517"/>
  <system-out/>
</testsuite> <!-- Ecommerce.tests.SubmitTestOrder -->
