<?xml version="1.0" encoding="UTF-8"?>
<!-- Generated by org.testng.reporters.JUnitReportReporter -->
<testsuite hostname="RUPALNAR01" failures="0" tests="2" name="Ecommerce.tests.SubmitTestOrder" time="46.219" errors="0" timestamp="2025-04-20T22:41:06 IST" skipped="0">
  <testcase classname="Ecommerce.tests.SubmitTestOrder" name="SubmitOrder" time="27.087"/>
  <system-out/>
  <testcase classname="Ecommerce.tests.SubmitTestOrder" name="SubmitOrder" time="19.132"/>
  <system-out/>
</testsuite> <!-- Ecommerce.tests.SubmitTestOrder -->
