<?xml version="1.0" encoding="UTF-8"?>
<!-- Generated by org.testng.reporters.JUnitReportReporter -->
<testsuite hostname="RUPALNAR01" failures="0" tests="2" name="Ecommerce.tests.ErrorValidastions" time="32.901" errors="0" timestamp="2025-04-20T22:41:06 IST" skipped="0">
  <testcase classname="Ecommerce.tests.ErrorValidastions" name="LoginErrorValidastion" time="8.220"/>
  <system-out/>
  <testcase classname="Ecommerce.tests.ErrorValidastions" name="ProductErrorValidastion" time="24.681"/>
  <system-out/>
</testsuite> <!-- Ecommerce.tests.ErrorValidastions -->
