<?xml version="1.0" encoding="UTF-8"?>
<!-- Generated by org.testng.reporters.JUnitReportReporter -->
<testsuite hostname="RUPALNAR01" failures="0" tests="1" name="Ecommerce.Cucumber.TestNGTestRunner" time="4.215" errors="0" timestamp="2025-04-20T19:36:04 IST" skipped="0">
  <testcase classname="Ecommerce.Cucumber.TestNGTestRunner" name="runScenario" time="4.215"/>
  <system-out/>
</testsuite> <!-- Ecommerce.Cucumber.TestNGTestRunner -->
